<?xml version="1.0" encoding="UTF-8"?>
<!-- Generated by org.testng.reporters.JUnitXMLReporter -->
<testsuite ignored="2" hostname="TYSS-Chaithra" failures="1" tests="2" name="Test" time="17.295" errors="0" timestamp="2025-03-08T15:42:01 IST">
  <testcase classname="inventoryTests.AddProductToCartTest" name="tc_001_addproductToCart" time="1.714">
    <failure type="java.lang.AssertionError" message="null">
      <![CDATA[java.lang.AssertionError: null
at inventoryTests.AddProductToCartTest.tc_001_addproductToCart(AddProductToCartTest.java:35)
at java.base/java.util.ArrayList.forEach(ArrayList.java:1541)
... Removed 29 stack frames]]>
    </failure>
  </testcase> <!-- tc_001_addproductToCart -->
  <testcase classname="inventoryTests.AddLowestPriceproductToCartTest" name="tc_002_addLowestPriceProductTocart" time="0.884"/>
  <testcase classname="genericUtilities.BaseClass" name="@BeforeSuite bsConfig" time="0.0">
    <ignored/>
  </testcase> <!-- @BeforeSuite bsConfig -->
  <testcase classname="genericUtilities.BaseClass" name="@AfterSuite asConfig" time="0.0">
    <ignored/>
  </testcase> <!-- @AfterSuite asConfig -->
</testsuite> <!-- Test -->
